1681202288222|44|statement|connection 0|url jdbc:p6spy:oracle:thin:@localhost:1521:XE|     drop table member cascade constraints|     drop table member cascade constraints
1681202288254|10|statement|connection 0|url jdbc:p6spy:oracle:thin:@localhost:1521:XE|     drop sequence hibernate_sequence|     drop sequence hibernate_sequence
1681202288369|99|statement|connection 0|url jdbc:p6spy:oracle:thin:@localhost:1521:XE|create sequence hibernate_sequence start with 1 increment by 1|create sequence hibernate_sequence start with 1 increment by 1
1681202288573|200|statement|connection 0|url jdbc:p6spy:oracle:thin:@localhost:1521:XE|     create table member (        id number(19,0) not null,         member_age number(10,0) not null,         member_email varchar2(255),         member_name varchar2(255),         member_password varchar2(255),         primary key (id)     )|     create table member (        id number(19,0) not null,         member_age number(10,0) not null,         member_email varchar2(255),         member_name varchar2(255),         member_password varchar2(255),         primary key (id)     )
1681202288624|49|statement|connection 0|url jdbc:p6spy:oracle:thin:@localhost:1521:XE|     alter table member         add constraint UK_3orqjaukiw2b73e2gw8rer4rq unique (member_email)|     alter table member         add constraint UK_3orqjaukiw2b73e2gw8rer4rq unique (member_email)
1681202321911|218|statement|connection 0|url jdbc:p6spy:oracle:thin:@localhost:1521:XE|     drop table member cascade constraints|     drop table member cascade constraints
1681202321925|11|statement|connection 0|url jdbc:p6spy:oracle:thin:@localhost:1521:XE|     drop sequence hibernate_sequence|     drop sequence hibernate_sequence
1681202321944|5|statement|connection 0|url jdbc:p6spy:oracle:thin:@localhost:1521:XE|create sequence hibernate_sequence start with 1 increment by 1|create sequence hibernate_sequence start with 1 increment by 1
1681202321990|34|statement|connection 0|url jdbc:p6spy:oracle:thin:@localhost:1521:XE|     create table member (        id number(19,0) not null,         member_age number(10,0) not null,         member_email varchar2(255),         member_name varchar2(255),         member_password varchar2(255),         primary key (id)     )|     create table member (        id number(19,0) not null,         member_age number(10,0) not null,         member_email varchar2(255),         member_name varchar2(255),         member_password varchar2(255),         primary key (id)     )
1681202322009|19|statement|connection 0|url jdbc:p6spy:oracle:thin:@localhost:1521:XE|     alter table member         add constraint UK_3orqjaukiw2b73e2gw8rer4rq unique (member_email)|     alter table member         add constraint UK_3orqjaukiw2b73e2gw8rer4rq unique (member_email)
1681283610066|402|statement|connection 0|url jdbc:p6spy:oracle:thin:@localhost:1521:XE|select * from all_sequences|select * from all_sequences
1681283612535|107|statement|connection 0|url jdbc:p6spy:oracle:thin:@localhost:1521:XE|     alter table member         add member_type number(10,0)|     alter table member         add member_type number(10,0)
1681283707157|11|statement|connection 0|url jdbc:p6spy:oracle:thin:@localhost:1521:XE|select * from all_sequences|select * from all_sequences
1681283769044|132|statement|connection 0|url jdbc:p6spy:oracle:thin:@localhost:1521:XE|     drop table member cascade constraints|     drop table member cascade constraints
1681283769058|13|statement|connection 0|url jdbc:p6spy:oracle:thin:@localhost:1521:XE|     drop sequence hibernate_sequence|     drop sequence hibernate_sequence
1681283769070|8|statement|connection 0|url jdbc:p6spy:oracle:thin:@localhost:1521:XE|create sequence hibernate_sequence start with 1 increment by 1|create sequence hibernate_sequence start with 1 increment by 1
1681283769131|58|statement|connection 0|url jdbc:p6spy:oracle:thin:@localhost:1521:XE|     create table member (        id number(19,0) not null,         member_age number(10,0) not null,         member_email varchar2(255),         member_name varchar2(255),         member_password varchar2(255),         member_type number(10,0),         primary key (id)     )|     create table member (        id number(19,0) not null,         member_age number(10,0) not null,         member_email varchar2(255),         member_name varchar2(255),         member_password varchar2(255),         member_type number(10,0),         primary key (id)     )
1681283769144|12|statement|connection 0|url jdbc:p6spy:oracle:thin:@localhost:1521:XE|     alter table member         add constraint UK_3orqjaukiw2b73e2gw8rer4rq unique (member_email)|     alter table member         add constraint UK_3orqjaukiw2b73e2gw8rer4rq unique (member_email)
1681284007741|14|statement|connection 0|url jdbc:p6spy:oracle:thin:@localhost:1521:XE|     drop table tbl_member cascade constraints|     drop table tbl_member cascade constraints
1681284007761|3|statement|connection 0|url jdbc:p6spy:oracle:thin:@localhost:1521:XE|     drop sequence hibernate_sequence|     drop sequence hibernate_sequence
1681284007769|3|statement|connection 0|url jdbc:p6spy:oracle:thin:@localhost:1521:XE|create sequence hibernate_sequence start with 1 increment by 1|create sequence hibernate_sequence start with 1 increment by 1
1681284007797|24|statement|connection 0|url jdbc:p6spy:oracle:thin:@localhost:1521:XE|     create table tbl_member (        id number(19,0) not null,         member_age number(10,0) not null,         member_email varchar2(255),         member_name varchar2(255),         member_password varchar2(255),         member_type number(10,0),         primary key (id)     )|     create table tbl_member (        id number(19,0) not null,         member_age number(10,0) not null,         member_email varchar2(255),         member_name varchar2(255),         member_password varchar2(255),         member_type number(10,0),         primary key (id)     )
1681284007818|21|statement|connection 0|url jdbc:p6spy:oracle:thin:@localhost:1521:XE|     alter table tbl_member         add constraint UK_s35vtuk3bgund1wqi78odjvfm unique (member_email)|     alter table tbl_member         add constraint UK_s35vtuk3bgund1wqi78odjvfm unique (member_email)
1681284046394|38|statement|connection 0|url jdbc:p6spy:oracle:thin:@localhost:1521:XE|     drop table tbl_member cascade constraints|     drop table tbl_member cascade constraints
1681284046398|2|statement|connection 0|url jdbc:p6spy:oracle:thin:@localhost:1521:XE|     drop sequence hibernate_sequence|     drop sequence hibernate_sequence
1681284046404|2|statement|connection 0|url jdbc:p6spy:oracle:thin:@localhost:1521:XE|create sequence hibernate_sequence start with 1 increment by 1|create sequence hibernate_sequence start with 1 increment by 1
1681284046423|16|statement|connection 0|url jdbc:p6spy:oracle:thin:@localhost:1521:XE|     create table tbl_member (        id number(19,0) not null,         member_age number(10,0) not null,         member_email varchar2(255),         member_name varchar2(255),         member_password varchar2(255),         member_type number(10,0),         primary key (id)     )|     create table tbl_member (        id number(19,0) not null,         member_age number(10,0) not null,         member_email varchar2(255),         member_name varchar2(255),         member_password varchar2(255),         member_type number(10,0),         primary key (id)     )
1681284046438|12|statement|connection 0|url jdbc:p6spy:oracle:thin:@localhost:1521:XE|     alter table tbl_member         add constraint UK_s35vtuk3bgund1wqi78odjvfm unique (member_email)|     alter table tbl_member         add constraint UK_s35vtuk3bgund1wqi78odjvfm unique (member_email)
1681284188968|38|statement|connection 0|url jdbc:p6spy:oracle:thin:@localhost:1521:XE|     drop table tbl_member cascade constraints|     drop table tbl_member cascade constraints
1681284188971|2|statement|connection 0|url jdbc:p6spy:oracle:thin:@localhost:1521:XE|     drop sequence hibernate_sequence|     drop sequence hibernate_sequence
1681284188977|2|statement|connection 0|url jdbc:p6spy:oracle:thin:@localhost:1521:XE|create sequence hibernate_sequence start with 1 increment by 1|create sequence hibernate_sequence start with 1 increment by 1
1681284188996|15|statement|connection 0|url jdbc:p6spy:oracle:thin:@localhost:1521:XE|     create table tbl_member (        id number(19,0) not null,         member_age number(10,0) not null,         member_email varchar2(255),         member_name varchar2(255),         member_password varchar2(255),         member_type varchar2(255),         primary key (id)     )|     create table tbl_member (        id number(19,0) not null,         member_age number(10,0) not null,         member_email varchar2(255),         member_name varchar2(255),         member_password varchar2(255),         member_type varchar2(255),         primary key (id)     )
1681284189003|5|statement|connection 0|url jdbc:p6spy:oracle:thin:@localhost:1521:XE|     alter table tbl_member         add constraint UK_s35vtuk3bgund1wqi78odjvfm unique (member_email)|     alter table tbl_member         add constraint UK_s35vtuk3bgund1wqi78odjvfm unique (member_email)
